{"level":"error","service":"user-service","timestamp":"2023-08-11 15:01:52"}
{"level":"error","service":"user-service","timestamp":"2023-08-11 15:10:31"}
{"level":"error","service":"user-service","timestamp":"2023-08-11 15:11:55"}
{"level":"info","message":"connected to port","service":"user-service","timestamp":"2023-08-11 15:11:55"}
{"level":"error","service":"user-service","timestamp":"2023-08-11 15:11:55"}
{"level":"error","service":"user-service","timestamp":"2023-08-11 15:12:22"}
{"level":"info","message":"connected to port","service":"user-service","timestamp":"2023-08-11 15:12:22"}
{"level":"error","service":"user-service","timestamp":"2023-08-11 15:12:22"}
{"level":"info","message":"connected to port","service":"user-service","timestamp":"2023-08-11 15:12:39"}
{"level":"info","message":"Connected to database","service":"user-service","timestamp":"2023-08-11 15:12:42"}
{"level":"info","message":"connected to port","service":"user-service","timestamp":"2023-08-11 15:21:18"}
{"level":"info","message":"Connected to database","service":"user-service","timestamp":"2023-08-11 15:21:21"}
{"level":"info","message":"connected to port","service":"user-service","timestamp":"2023-08-11 15:22:51"}
{"level":"info","message":"Connected to database","service":"user-service","timestamp":"2023-08-11 15:22:54"}
{"level":"info","message":"connected to port","service":"user-service","timestamp":"2023-08-11 15:24:08"}
{"level":"info","message":"Connected to database","service":"user-service","timestamp":"2023-08-11 15:24:11"}
{"level":"info","message":"connected to port","service":"user-service","timestamp":"2023-08-11 15:24:27"}
{"level":"info","message":"connected to port","service":"user-service","timestamp":"2023-08-11 15:24:29"}
{"level":"info","message":"Connected to database","service":"user-service","timestamp":"2023-08-11 15:24:31"}
{"level":"info","message":"connected to port","service":"user-service","timestamp":"2023-08-11 15:24:53"}
{"level":"info","message":"connected to port","service":"user-service","timestamp":"2023-08-11 15:24:54"}
{"level":"info","message":"Connected to database","service":"user-service","timestamp":"2023-08-11 15:24:57"}
{"level":"info","message":"connected to port","service":"user-service","timestamp":"2023-08-13 18:26:07"}
{"level":"info","message":"Connected to database","service":"user-service","timestamp":"2023-08-13 18:26:11"}
{"level":"info","message":"Server Response [object Object]","service":"user-service","timestamp":"2023-08-13 18:27:38"}
{"level":"info","message":"connected to port","service":"user-service","timestamp":"2023-08-13 18:29:02"}
{"level":"info","message":"connected to port","service":"user-service","timestamp":"2023-08-13 18:29:04"}
{"level":"info","message":"Connected to database","service":"user-service","timestamp":"2023-08-13 18:29:06"}
{"level":"info","message":"connected to port","service":"user-service","timestamp":"2023-08-13 18:29:11"}
{"level":"info","message":"Connected to database","service":"user-service","timestamp":"2023-08-13 18:29:14"}
{"level":"info","message":"connected to port","service":"user-service","timestamp":"2023-08-13 18:29:16"}
{"level":"info","message":"Connected to database","service":"user-service","timestamp":"2023-08-13 18:29:18"}
{"level":"info","message":"connected to port","service":"user-service","timestamp":"2023-08-13 18:29:27"}
{"level":"info","message":"connected to port","service":"user-service","timestamp":"2023-08-13 18:29:29"}
{"level":"info","message":"Connected to database","service":"user-service","timestamp":"2023-08-13 18:29:31"}
{"level":"info","message":"connected to port","service":"user-service","timestamp":"2023-08-13 18:29:33"}
{"level":"info","message":"Connected to database","service":"user-service","timestamp":"2023-08-13 18:29:36"}
{"level":"info","message":"Server Response [object Object]","service":"user-service","timestamp":"2023-08-13 18:29:42"}
{"level":"info","message":"Server Response [object Object]","service":"user-service","timestamp":"2023-08-13 18:30:14"}
{"level":"info","message":"connected to port","service":"user-service","timestamp":"2023-08-13 18:30:53"}
{"level":"info","message":"connected to port","service":"user-service","timestamp":"2023-08-13 18:30:55"}
{"level":"info","message":"Connected to database","service":"user-service","timestamp":"2023-08-13 18:30:57"}
{"level":"info","message":"connected to port","service":"user-service","timestamp":"2023-08-13 18:30:59"}
{"level":"info","message":"connected to port","service":"user-service","timestamp":"2023-08-13 18:31:02"}
{"level":"info","message":"connected to port","service":"user-service","timestamp":"2023-08-13 18:31:03"}
{"level":"info","message":"connected to port","service":"user-service","timestamp":"2023-08-13 18:31:05"}
{"level":"info","message":"Connected to database","service":"user-service","timestamp":"2023-08-13 18:31:07"}
{"level":"info","message":"connected to port","service":"user-service","timestamp":"2023-08-13 18:31:09"}
{"level":"info","message":"connected to port","service":"user-service","timestamp":"2023-08-13 18:31:11"}
{"level":"info","message":"connected to port","service":"user-service","timestamp":"2023-08-13 18:31:12"}
{"level":"info","message":"Connected to database","service":"user-service","timestamp":"2023-08-13 18:31:14"}
{"level":"info","message":"connected to port","service":"user-service","timestamp":"2023-08-13 18:31:15"}
{"level":"info","message":"Connected to database","service":"user-service","timestamp":"2023-08-13 18:31:18"}
{"level":"info","message":"Server Response [object Object]","service":"user-service","timestamp":"2023-08-13 18:31:21"}
{"level":"info","message":"connected to port","service":"user-service","timestamp":"2023-08-13 18:32:23"}
{"level":"info","message":"Connected to database","service":"user-service","timestamp":"2023-08-13 18:32:26"}
{"level":"info","message":"connected to port","service":"user-service","timestamp":"2023-08-13 18:32:29"}
{"level":"info","message":"connected to port","service":"user-service","timestamp":"2023-08-13 18:32:31"}
{"level":"info","message":"connected to port","service":"user-service","timestamp":"2023-08-13 18:32:32"}
{"level":"info","message":"Connected to database","service":"user-service","timestamp":"2023-08-13 18:32:34"}
{"level":"info","message":"Server Response [object Object]","service":"user-service","timestamp":"2023-08-13 18:32:35"}
{"level":"info","message":"connected to port","service":"user-service","timestamp":"2023-08-13 18:32:55"}
{"level":"info","message":"Server Response [object Object]","service":"user-service","timestamp":"2023-08-13 18:32:55"}
{"level":"info","message":"Connected to database","service":"user-service","timestamp":"2023-08-13 18:32:57"}
{"level":"info","message":"connected to port","service":"user-service","timestamp":"2023-08-13 18:33:28"}
{"level":"info","message":"connected to port","service":"user-service","timestamp":"2023-08-13 18:33:31"}
{"level":"info","message":"Server Response [object Object]","service":"user-service","timestamp":"2023-08-13 18:33:32"}
{"level":"info","message":"Connected to database","service":"user-service","timestamp":"2023-08-13 18:33:34"}
{"level":"info","message":"connected to port","service":"user-service","timestamp":"2023-08-13 18:33:49"}
{"level":"info","message":"Connected to database","service":"user-service","timestamp":"2023-08-13 18:33:51"}
{"level":"info","message":"connected to port","service":"user-service","timestamp":"2023-08-13 18:34:11"}
{"level":"info","message":"Connected to database","service":"user-service","timestamp":"2023-08-13 18:34:13"}
{"level":"info","message":"connected to port","service":"user-service","timestamp":"2023-08-13 18:34:41"}
{"level":"info","message":"Connected to database","service":"user-service","timestamp":"2023-08-13 18:34:43"}
{"level":"info","message":"connected to port","service":"user-service","timestamp":"2023-08-13 18:34:46"}
{"level":"info","message":"connected to port","service":"user-service","timestamp":"2023-08-13 18:34:47"}
{"level":"info","message":"Connected to database","service":"user-service","timestamp":"2023-08-13 18:34:49"}
{"level":"info","message":"connected to port","service":"user-service","timestamp":"2023-08-13 18:34:51"}
{"level":"info","message":"Connected to database","service":"user-service","timestamp":"2023-08-13 18:34:53"}
{"level":"info","message":"connected to port","service":"user-service","timestamp":"2023-08-13 18:35:07"}
{"level":"info","message":"Connected to database","service":"user-service","timestamp":"2023-08-13 18:35:09"}
{"level":"info","message":"connected to port","service":"user-service","timestamp":"2023-08-13 18:35:21"}
{"level":"info","message":"Connected to database","service":"user-service","timestamp":"2023-08-13 18:35:23"}
{"level":"info","message":"connected to port","service":"user-service","timestamp":"2023-08-13 18:35:27"}
{"level":"info","message":"connected to port","service":"user-service","timestamp":"2023-08-13 18:36:10"}
{"level":"info","message":"Connected to database","service":"user-service","timestamp":"2023-08-13 18:36:12"}
{"level":"info","message":"connected to port","service":"user-service","timestamp":"2023-08-13 18:38:05"}
{"level":"info","message":"connected to port","service":"user-service","timestamp":"2023-08-13 18:38:07"}
{"level":"info","message":"connected to port","service":"user-service","timestamp":"2023-08-13 18:38:09"}
{"level":"info","message":"connected to port","service":"user-service","timestamp":"2023-08-13 18:38:11"}
{"level":"info","message":"connected to port","service":"user-service","timestamp":"2023-08-13 18:38:14"}
{"level":"info","message":"Connected to database","service":"user-service","timestamp":"2023-08-13 18:38:16"}
{"level":"info","message":"connected to port","service":"user-service","timestamp":"2023-08-13 18:38:47"}
{"level":"info","message":"Connected to database","service":"user-service","timestamp":"2023-08-13 18:38:49"}
{"level":"info","message":"connected to port","service":"user-service","timestamp":"2023-08-13 18:40:36"}
{"level":"info","message":"Connected to database","service":"user-service","timestamp":"2023-08-13 18:40:38"}
{"level":"info","message":"connected to port","service":"user-service","timestamp":"2023-08-13 18:41:16"}
{"level":"info","message":"connected to port","service":"user-service","timestamp":"2023-08-13 18:41:18"}
{"level":"info","message":"Connected to database","service":"user-service","timestamp":"2023-08-13 18:41:20"}
{"level":"info","message":"connected to port","service":"user-service","timestamp":"2023-08-13 18:41:35"}
{"level":"info","message":"Connected to database","service":"user-service","timestamp":"2023-08-13 18:41:37"}
{"level":"info","message":"connected to port","service":"user-service","timestamp":"2023-08-13 18:42:19"}
{"level":"info","message":"Connected to database","service":"user-service","timestamp":"2023-08-13 18:42:21"}
{"level":"info","message":"connected to port","service":"user-service","timestamp":"2023-08-13 18:47:35"}
{"level":"info","message":"connected to port","service":"user-service","timestamp":"2023-08-13 18:47:37"}
{"level":"info","message":"connected to port","service":"user-service","timestamp":"2023-08-13 18:47:38"}
{"level":"info","message":"connected to port","service":"user-service","timestamp":"2023-08-13 18:47:40"}
{"level":"info","message":"connected to port","service":"user-service","timestamp":"2023-08-13 18:47:43"}
{"level":"info","message":"connected to port","service":"user-service","timestamp":"2023-08-13 18:47:44"}
{"level":"info","message":"connected to port","service":"user-service","timestamp":"2023-08-13 18:47:46"}
{"level":"info","message":"Connected to database","service":"user-service","timestamp":"2023-08-13 18:47:48"}
{"level":"info","message":"connected to port","service":"user-service","timestamp":"2023-08-14 10:05:27"}
{"level":"info","message":"Connected to database","service":"user-service","timestamp":"2023-08-14 10:05:31"}
{"level":"info","message":"connected to port","service":"user-service","timestamp":"2023-08-14 10:06:37"}
{"level":"info","message":"Connected to database","service":"user-service","timestamp":"2023-08-14 10:06:42"}
{"level":"info","message":"connected to port","service":"user-service","timestamp":"2023-08-14 11:13:53"}
{"level":"info","message":"Connected to database","service":"user-service","timestamp":"2023-08-14 11:13:56"}
{"level":"info","message":"connected to port","service":"user-service","timestamp":"2023-08-14 11:14:50"}
{"level":"info","message":"Connected to database","service":"user-service","timestamp":"2023-08-14 11:14:53"}
{"level":"info","message":"connected to port","service":"user-service","timestamp":"2023-08-14 11:17:49"}
{"level":"info","message":"Connected to database","service":"user-service","timestamp":"2023-08-14 11:17:52"}
{"level":"info","message":"Connected to database","service":"user-service","timestamp":"2023-08-14 11:18:00"}
{"level":"info","message":"connected to port","service":"user-service","timestamp":"2023-08-14 11:42:44"}
{"level":"info","message":"connected to port","service":"user-service","timestamp":"2023-08-14 11:42:49"}
{"level":"info","message":"connected to port","service":"user-service","timestamp":"2023-08-14 11:42:50"}
{"level":"info","message":"Connected to database","service":"user-service","timestamp":"2023-08-14 11:42:53"}
{"level":"info","message":"connected to port","service":"user-service","timestamp":"2023-08-14 11:42:59"}
{"level":"info","message":"Connected to database","service":"user-service","timestamp":"2023-08-14 11:43:02"}
{"level":"info","message":"Connected to database","service":"user-service","timestamp":"2023-08-14 11:43:06"}
{"level":"info","message":"connected to port","service":"user-service","timestamp":"2023-08-14 11:43:57"}
{"level":"info","message":"Connected to database","service":"user-service","timestamp":"2023-08-14 11:44:01"}
{"level":"info","message":"Connected to database","service":"user-service","timestamp":"2023-08-14 11:44:03"}
{"level":"info","message":"connected to port","service":"user-service","timestamp":"2023-08-14 11:44:11"}
{"level":"info","message":"Connected to database","service":"user-service","timestamp":"2023-08-14 11:44:14"}
{"level":"info","message":"connected to port","service":"user-service","timestamp":"2023-08-14 12:03:29"}
{"level":"info","message":"Connected to database","service":"user-service","timestamp":"2023-08-14 12:03:33"}
{"level":"info","message":"Connected to database","service":"user-service","timestamp":"2023-08-14 12:03:40"}
{"level":"info","message":"connected to port","service":"user-service","timestamp":"2023-08-14 12:04:42"}
{"level":"info","message":"Connected to database","service":"user-service","timestamp":"2023-08-14 12:04:47"}
{"level":"info","message":"connected to port","service":"user-service","timestamp":"2023-08-14 12:04:50"}
{"level":"info","message":"Connected to database","service":"user-service","timestamp":"2023-08-14 12:04:53"}
{"level":"info","message":"connected to port","service":"user-service","timestamp":"2023-08-14 12:05:05"}
{"level":"info","message":"Connected to database","service":"user-service","timestamp":"2023-08-14 12:05:07"}
{"level":"info","message":"Connected to database","service":"user-service","timestamp":"2023-08-14 12:05:25"}
{"level":"info","message":"connected to port","service":"user-service","timestamp":"2023-08-14 12:05:35"}
{"level":"info","message":"Connected to database","service":"user-service","timestamp":"2023-08-14 12:05:37"}
{"level":"info","message":"connected to port","service":"user-service","timestamp":"2023-08-14 12:05:40"}
{"level":"info","message":"Connected to database","service":"user-service","timestamp":"2023-08-14 12:05:42"}
{"level":"info","message":"connected to port","service":"user-service","timestamp":"2023-08-14 12:05:50"}
{"level":"info","message":"Connected to database","service":"user-service","timestamp":"2023-08-14 12:05:53"}
{"level":"info","message":"connected to port","service":"user-service","timestamp":"2023-08-14 12:05:57"}
{"level":"info","message":"Connected to database","service":"user-service","timestamp":"2023-08-14 12:05:59"}
{"level":"info","message":"connected to port","service":"user-service","timestamp":"2023-08-14 12:06:04"}
{"level":"info","message":"Connected to database","service":"user-service","timestamp":"2023-08-14 12:06:06"}
{"level":"info","message":"Connected to database","service":"user-service","timestamp":"2023-08-14 12:06:16"}
{"level":"info","message":"connected to port","service":"user-service","timestamp":"2023-08-14 12:06:35"}
{"level":"info","message":"Connected to database","service":"user-service","timestamp":"2023-08-14 12:06:37"}
{"level":"info","message":"Connected to database","service":"user-service","timestamp":"2023-08-14 12:06:43"}
{"level":"info","message":"connected to port","service":"user-service","timestamp":"2023-08-14 12:06:56"}
{"level":"info","message":"Connected to database","service":"user-service","timestamp":"2023-08-14 12:07:00"}
{"level":"info","message":"Connected to database","service":"user-service","timestamp":"2023-08-14 12:07:00"}
{"level":"info","message":"connected to port","service":"user-service","timestamp":"2023-08-14 12:08:00"}
{"level":"info","message":"connected to port","service":"user-service","timestamp":"2023-08-14 12:08:02"}
{"level":"info","message":"Connected to database","service":"user-service","timestamp":"2023-08-14 12:08:05"}
{"level":"info","message":"Connected to database","service":"user-service","timestamp":"2023-08-14 12:08:23"}
{"level":"info","message":"connected to port","service":"user-service","timestamp":"2023-08-14 12:29:44"}
{"level":"info","message":"Connected to database","service":"user-service","timestamp":"2023-08-14 12:29:48"}
{"level":"info","message":"connected to port","service":"user-service","timestamp":"2023-08-14 12:30:01"}
{"level":"info","message":"connected to port","service":"user-service","timestamp":"2023-08-14 12:30:02"}
{"level":"info","message":"Connected to database","service":"user-service","timestamp":"2023-08-14 12:30:05"}
{"level":"info","message":"connected to port","service":"user-service","timestamp":"2023-08-14 12:30:10"}
{"level":"info","message":"Connected to database","service":"user-service","timestamp":"2023-08-14 12:30:12"}
{"level":"info","message":"connected to port","service":"user-service","timestamp":"2023-08-14 12:30:20"}
{"level":"info","message":"Connected to database","service":"user-service","timestamp":"2023-08-14 12:30:22"}
{"level":"info","message":"connected to port","service":"user-service","timestamp":"2023-08-14 12:30:24"}
{"level":"info","message":"connected to port","service":"user-service","timestamp":"2023-08-14 12:30:25"}
{"level":"info","message":"connected to port","service":"user-service","timestamp":"2023-08-14 12:30:27"}
{"level":"info","message":"Connected to database","service":"user-service","timestamp":"2023-08-14 12:30:29"}
{"level":"info","message":"connected to port","service":"user-service","timestamp":"2023-08-14 12:30:31"}
{"level":"info","message":"Connected to database","service":"user-service","timestamp":"2023-08-14 12:30:33"}
{"level":"info","message":"connected to port","service":"user-service","timestamp":"2023-08-14 12:30:34"}
{"level":"info","message":"Connected to database","service":"user-service","timestamp":"2023-08-14 12:30:36"}
{"level":"info","message":"connected to port","service":"user-service","timestamp":"2023-08-14 12:30:39"}
{"level":"info","message":"Connected to database","service":"user-service","timestamp":"2023-08-14 12:30:42"}
{"level":"info","message":"connected to port","service":"user-service","timestamp":"2023-08-14 12:30:57"}
{"level":"info","message":"connected to port","service":"user-service","timestamp":"2023-08-14 12:30:58"}
{"level":"info","message":"Connected to database","service":"user-service","timestamp":"2023-08-14 12:31:01"}
{"level":"info","message":"connected to port","service":"user-service","timestamp":"2023-08-14 12:31:02"}
{"level":"info","message":"connected to port","service":"user-service","timestamp":"2023-08-14 12:31:04"}
{"level":"info","message":"Connected to database","service":"user-service","timestamp":"2023-08-14 12:31:06"}
{"level":"info","message":"connected to port","service":"user-service","timestamp":"2023-08-14 12:31:07"}
{"level":"info","message":"Connected to database","service":"user-service","timestamp":"2023-08-14 12:31:09"}
{"level":"info","message":"connected to port","service":"user-service","timestamp":"2023-08-14 12:31:12"}
{"level":"info","message":"Connected to database","service":"user-service","timestamp":"2023-08-14 12:31:14"}
{"level":"info","message":"connected to port","service":"user-service","timestamp":"2023-08-14 12:31:15"}
{"level":"info","message":"Connected to database","service":"user-service","timestamp":"2023-08-14 12:31:17"}
{"level":"info","message":"connected to port","service":"user-service","timestamp":"2023-08-14 12:31:19"}
{"level":"info","message":"Connected to database","service":"user-service","timestamp":"2023-08-14 12:31:22"}
{"level":"info","message":"connected to port","service":"user-service","timestamp":"2023-08-14 12:31:27"}
{"level":"info","message":"Connected to database","service":"user-service","timestamp":"2023-08-14 12:31:29"}
{"level":"info","message":"connected to port","service":"user-service","timestamp":"2023-08-14 12:31:34"}
{"level":"info","message":"Connected to database","service":"user-service","timestamp":"2023-08-14 12:31:37"}
{"level":"info","message":"connected to port","service":"user-service","timestamp":"2023-08-14 12:31:39"}
{"level":"info","message":"Connected to database","service":"user-service","timestamp":"2023-08-14 12:31:41"}
{"level":"info","message":"connected to port","service":"user-service","timestamp":"2023-08-14 12:31:52"}
{"level":"info","message":"Connected to database","service":"user-service","timestamp":"2023-08-14 12:31:56"}
{"level":"info","message":"connected to port","service":"user-service","timestamp":"2023-08-14 12:31:58"}
{"level":"info","message":"connected to port","service":"user-service","timestamp":"2023-08-14 12:32:00"}
{"level":"info","message":"Connected to database","service":"user-service","timestamp":"2023-08-14 12:32:02"}
{"level":"info","message":"connected to port","service":"user-service","timestamp":"2023-08-14 12:32:04"}
{"level":"info","message":"Connected to database","service":"user-service","timestamp":"2023-08-14 12:32:06"}
{"level":"info","message":"connected to port","service":"user-service","timestamp":"2023-08-14 12:32:08"}
{"level":"info","message":"Connected to database","service":"user-service","timestamp":"2023-08-14 12:32:10"}
{"level":"info","message":"connected to port","service":"user-service","timestamp":"2023-08-14 12:32:13"}
{"level":"info","message":"Connected to database","service":"user-service","timestamp":"2023-08-14 12:32:15"}
{"level":"info","message":"connected to port","service":"user-service","timestamp":"2023-08-14 12:32:16"}
{"level":"info","message":"Connected to database","service":"user-service","timestamp":"2023-08-14 12:32:18"}
{"level":"info","message":"connected to port","service":"user-service","timestamp":"2023-08-14 12:32:20"}
{"level":"info","message":"Connected to database","service":"user-service","timestamp":"2023-08-14 12:32:23"}
{"level":"info","message":"connected to port","service":"user-service","timestamp":"2023-08-14 12:32:25"}
{"level":"info","message":"connected to port","service":"user-service","timestamp":"2023-08-14 12:32:26"}
{"level":"info","message":"connected to port","service":"user-service","timestamp":"2023-08-14 12:32:27"}
{"level":"info","message":"Connected to database","service":"user-service","timestamp":"2023-08-14 12:32:30"}
{"level":"info","message":"connected to port","service":"user-service","timestamp":"2023-08-14 12:34:24"}
{"level":"info","message":"Connected to database","service":"user-service","timestamp":"2023-08-14 12:34:28"}
{"level":"info","message":"connected to port","service":"user-service","timestamp":"2023-08-14 12:36:02"}
{"level":"info","message":"connected to port","service":"user-service","timestamp":"2023-08-14 12:36:04"}
{"level":"info","message":"connected to port","service":"user-service","timestamp":"2023-08-14 12:36:06"}
{"level":"info","message":"Connected to database","service":"user-service","timestamp":"2023-08-14 12:36:08"}
{"level":"info","message":"connected to port","service":"user-service","timestamp":"2023-08-14 12:36:13"}
{"level":"info","message":"Connected to database","service":"user-service","timestamp":"2023-08-14 12:36:15"}
{"level":"info","message":"Connected to database","service":"user-service","timestamp":"2023-08-14 12:36:25"}
{"level":"info","message":"connected to port","service":"user-service","timestamp":"2023-08-14 12:37:04"}
{"level":"info","message":"Connected to database","service":"user-service","timestamp":"2023-08-14 12:37:08"}
{"level":"info","message":"Connected to database","service":"user-service","timestamp":"2023-08-14 12:37:16"}
{"level":"info","message":"connected to port","service":"user-service","timestamp":"2023-08-14 12:37:34"}
{"level":"info","message":"Connected to database","service":"user-service","timestamp":"2023-08-14 12:37:36"}
{"level":"info","message":"connected to port","service":"user-service","timestamp":"2023-08-14 12:38:10"}
{"level":"info","message":"Connected to database","service":"user-service","timestamp":"2023-08-14 12:38:15"}
{"level":"info","message":"connected to port","service":"user-service","timestamp":"2023-08-14 12:38:19"}
{"level":"info","message":"Connected to database","service":"user-service","timestamp":"2023-08-14 12:38:21"}
{"level":"info","message":"connected to port","service":"user-service","timestamp":"2023-08-14 12:39:09"}
{"level":"info","message":"Connected to database","service":"user-service","timestamp":"2023-08-14 12:39:11"}
{"level":"info","message":"connected to port","service":"user-service","timestamp":"2023-08-14 12:41:57"}
{"level":"info","message":"Connected to database","service":"user-service","timestamp":"2023-08-14 12:42:03"}
{"level":"info","message":"connected to port","service":"user-service","timestamp":"2023-08-14 12:42:56"}
{"level":"info","message":"Connected to database","service":"user-service","timestamp":"2023-08-14 12:42:59"}
{"level":"info","message":"connected to port","service":"user-service","timestamp":"2023-08-14 12:44:56"}
{"level":"info","message":"Connected to database","service":"user-service","timestamp":"2023-08-14 12:45:01"}
{"level":"info","message":"connected to port","service":"user-service","timestamp":"2023-08-14 12:49:04"}
{"level":"info","message":"Connected to database","service":"user-service","timestamp":"2023-08-14 12:49:08"}
{"level":"info","message":"connected to port","service":"user-service","timestamp":"2023-08-14 13:05:00"}
{"level":"info","message":"Connected to database","service":"user-service","timestamp":"2023-08-14 13:05:03"}
{"level":"info","message":"connected to port","service":"user-service","timestamp":"2023-08-14 13:05:16"}
{"level":"info","message":"Connected to database","service":"user-service","timestamp":"2023-08-14 13:05:18"}
{"level":"info","message":"connected to port","service":"user-service","timestamp":"2023-08-14 13:06:14"}
{"level":"info","message":"Connected to database","service":"user-service","timestamp":"2023-08-14 13:06:18"}
{"level":"info","message":"connected to port","service":"user-service","timestamp":"2023-08-14 13:06:32"}
{"level":"info","message":"Connected to database","service":"user-service","timestamp":"2023-08-14 13:06:35"}
{"level":"info","message":"connected to port","service":"user-service","timestamp":"2023-08-14 13:09:24"}
{"level":"info","message":"Connected to database","service":"user-service","timestamp":"2023-08-14 13:09:27"}
{"level":"info","message":"connected to port","service":"user-service","timestamp":"2023-08-14 13:11:24"}
{"level":"info","message":"Connected to database","service":"user-service","timestamp":"2023-08-14 13:11:28"}
{"level":"info","message":"connected to port","service":"user-service","timestamp":"2023-08-14 14:10:55"}
{"level":"info","message":"Connected to database","service":"user-service","timestamp":"2023-08-14 14:11:00"}
{"level":"info","message":"connected to port","service":"user-service","timestamp":"2023-08-14 14:11:53"}
{"level":"info","message":"Connected to database","service":"user-service","timestamp":"2023-08-14 14:11:56"}
{"level":"info","message":"connected to port","service":"user-service","timestamp":"2023-08-14 15:38:54"}
{"level":"info","message":"Connected to database","service":"user-service","timestamp":"2023-08-14 15:38:57"}
{"level":"info","message":"connected to port","service":"user-service","timestamp":"2023-08-14 15:39:25"}
{"level":"info","message":"Connected to database","service":"user-service","timestamp":"2023-08-14 15:39:27"}
{"level":"info","message":"connected to port","service":"user-service","timestamp":"2023-08-14 15:39:44"}
{"level":"info","message":"Connected to database","service":"user-service","timestamp":"2023-08-14 15:39:46"}
{"level":"info","message":"connected to port","service":"user-service","timestamp":"2023-08-14 15:39:57"}
{"level":"info","message":"Connected to database","service":"user-service","timestamp":"2023-08-14 15:40:00"}
{"level":"info","message":"connected to port","service":"user-service","timestamp":"2023-08-14 15:40:14"}
{"level":"info","message":"Connected to database","service":"user-service","timestamp":"2023-08-14 15:40:17"}
{"level":"info","message":"connected to port","service":"user-service","timestamp":"2023-08-14 15:41:04"}
{"level":"info","message":"Connected to database","service":"user-service","timestamp":"2023-08-14 15:41:09"}
{"level":"info","message":"connected to port","service":"user-service","timestamp":"2023-08-14 15:41:10"}
{"level":"info","message":"connected to port","service":"user-service","timestamp":"2023-08-14 15:41:12"}
{"level":"info","message":"connected to port","service":"user-service","timestamp":"2023-08-14 15:41:13"}
{"level":"info","message":"connected to port","service":"user-service","timestamp":"2023-08-14 15:41:15"}
{"level":"info","message":"Connected to database","service":"user-service","timestamp":"2023-08-14 15:41:18"}
{"level":"info","message":"connected to port","service":"user-service","timestamp":"2023-08-14 15:43:08"}
{"level":"info","message":"Connected to database","service":"user-service","timestamp":"2023-08-14 15:43:11"}
{"level":"info","message":"connected to port","service":"user-service","timestamp":"2023-08-14 15:43:15"}
{"level":"info","message":"Connected to database","service":"user-service","timestamp":"2023-08-14 15:43:17"}
{"level":"info","message":"connected to port","service":"user-service","timestamp":"2023-08-14 15:43:57"}
{"level":"info","message":"connected to port","service":"user-service","timestamp":"2023-08-14 15:44:02"}
{"level":"info","message":"Connected to database","service":"user-service","timestamp":"2023-08-14 15:44:05"}
{"level":"info","message":"connected to port","service":"user-service","timestamp":"2023-08-14 15:44:17"}
{"level":"info","message":"Connected to database","service":"user-service","timestamp":"2023-08-14 15:44:19"}
{"level":"info","message":"connected to port","service":"user-service","timestamp":"2023-08-14 15:44:33"}
{"level":"info","message":"connected to port","service":"user-service","timestamp":"2023-08-14 15:44:34"}
{"level":"info","message":"Connected to database","service":"user-service","timestamp":"2023-08-14 15:44:37"}
{"level":"info","message":"connected to port","service":"user-service","timestamp":"2023-08-14 15:44:56"}
{"level":"info","message":"connected to port","service":"user-service","timestamp":"2023-08-14 15:45:00"}
{"level":"info","message":"Connected to database","service":"user-service","timestamp":"2023-08-14 15:45:02"}
{"level":"info","message":"connected to port","service":"user-service","timestamp":"2023-08-14 15:59:44"}
{"level":"info","message":"Connected to database","service":"user-service","timestamp":"2023-08-14 15:59:47"}
{"level":"info","message":"connected to port","service":"user-service","timestamp":"2023-08-14 16:00:16"}
{"level":"info","message":"connected to port","service":"user-service","timestamp":"2023-08-14 16:00:18"}
{"level":"info","message":"Connected to database","service":"user-service","timestamp":"2023-08-14 16:00:20"}
{"level":"info","message":"connected to port","service":"user-service","timestamp":"2023-08-14 16:00:24"}
{"level":"info","message":"connected to port","service":"user-service","timestamp":"2023-08-14 16:00:25"}
{"level":"info","message":"connected to port","service":"user-service","timestamp":"2023-08-14 16:00:27"}
{"level":"info","message":"Connected to database","service":"user-service","timestamp":"2023-08-14 16:00:29"}
{"level":"info","message":"connected to port","service":"user-service","timestamp":"2023-08-14 16:00:38"}
{"level":"info","message":"connected to port","service":"user-service","timestamp":"2023-08-14 16:00:40"}
{"level":"info","message":"Connected to database","service":"user-service","timestamp":"2023-08-14 16:00:43"}
{"level":"info","message":"connected to port","service":"user-service","timestamp":"2023-08-14 16:00:44"}
{"level":"info","message":"Connected to database","service":"user-service","timestamp":"2023-08-14 16:00:48"}
{"level":"info","message":"connected to port","service":"user-service","timestamp":"2023-08-14 16:00:50"}
{"level":"info","message":"Connected to database","service":"user-service","timestamp":"2023-08-14 16:00:52"}
{"level":"info","message":"connected to port","service":"user-service","timestamp":"2023-08-14 16:00:54"}
{"level":"info","message":"connected to port","service":"user-service","timestamp":"2023-08-14 16:00:56"}
{"level":"info","message":"connected to port","service":"user-service","timestamp":"2023-08-14 16:00:58"}
{"level":"info","message":"Connected to database","service":"user-service","timestamp":"2023-08-14 16:01:00"}
{"level":"info","message":"connected to port","service":"user-service","timestamp":"2023-08-14 16:01:28"}
{"level":"info","message":"connected to port","service":"user-service","timestamp":"2023-08-14 16:01:30"}
{"level":"info","message":"connected to port","service":"user-service","timestamp":"2023-08-14 16:01:31"}
{"level":"info","message":"Connected to database","service":"user-service","timestamp":"2023-08-14 16:01:33"}
{"level":"info","message":"connected to port","service":"user-service","timestamp":"2023-08-14 16:01:43"}
{"level":"info","message":"Connected to database","service":"user-service","timestamp":"2023-08-14 16:01:45"}
{"level":"info","message":"connected to port","service":"user-service","timestamp":"2023-08-14 16:01:46"}
{"level":"info","message":"Connected to database","service":"user-service","timestamp":"2023-08-14 16:01:48"}
{"level":"info","message":"connected to port","service":"user-service","timestamp":"2023-08-14 16:01:54"}
{"level":"info","message":"Connected to database","service":"user-service","timestamp":"2023-08-14 16:01:57"}
{"level":"info","message":"connected to port","service":"user-service","timestamp":"2023-08-14 16:01:58"}
{"level":"info","message":"Connected to database","service":"user-service","timestamp":"2023-08-14 16:02:00"}
{"level":"info","message":"connected to port","service":"user-service","timestamp":"2023-08-14 16:02:01"}
{"level":"info","message":"connected to port","service":"user-service","timestamp":"2023-08-14 16:02:03"}
{"level":"info","message":"Connected to database","service":"user-service","timestamp":"2023-08-14 16:02:05"}
{"level":"info","message":"connected to port","service":"user-service","timestamp":"2023-08-14 16:02:13"}
{"level":"info","message":"connected to port","service":"user-service","timestamp":"2023-08-14 16:02:16"}
{"level":"info","message":"Connected to database","service":"user-service","timestamp":"2023-08-14 16:02:18"}
{"level":"info","message":"connected to port","service":"user-service","timestamp":"2023-08-14 16:02:20"}
{"level":"info","message":"Connected to database","service":"user-service","timestamp":"2023-08-14 16:02:22"}
{"level":"info","message":"connected to port","service":"user-service","timestamp":"2023-08-14 16:02:25"}
{"level":"info","message":"connected to port","service":"user-service","timestamp":"2023-08-14 16:02:27"}
{"level":"info","message":"Connected to database","service":"user-service","timestamp":"2023-08-14 16:02:30"}
{"level":"info","message":"connected to port","service":"user-service","timestamp":"2023-08-14 16:03:10"}
{"level":"info","message":"connected to port","service":"user-service","timestamp":"2023-08-14 16:03:14"}
{"level":"info","message":"Connected to database","service":"user-service","timestamp":"2023-08-14 16:03:16"}
{"level":"info","message":"connected to port","service":"user-service","timestamp":"2023-08-14 16:10:21"}
{"level":"info","message":"Connected to database","service":"user-service","timestamp":"2023-08-14 16:10:24"}
{"level":"info","message":"connected to port","service":"user-service","timestamp":"2023-08-14 16:10:29"}
{"level":"info","message":"Connected to database","service":"user-service","timestamp":"2023-08-14 16:10:31"}
{"level":"info","message":"connected to port","service":"user-service","timestamp":"2023-08-14 16:10:35"}
{"level":"info","message":"Connected to database","service":"user-service","timestamp":"2023-08-14 16:10:38"}
{"level":"info","message":"connected to port","service":"user-service","timestamp":"2023-08-14 16:10:40"}
{"level":"info","message":"Connected to database","service":"user-service","timestamp":"2023-08-14 16:10:42"}
{"level":"info","message":"connected to port","service":"user-service","timestamp":"2023-08-14 16:10:45"}
{"level":"info","message":"Connected to database","service":"user-service","timestamp":"2023-08-14 16:10:47"}
{"level":"info","message":"connected to port","service":"user-service","timestamp":"2023-08-14 16:10:51"}
{"level":"info","message":"Connected to database","service":"user-service","timestamp":"2023-08-14 16:10:53"}
{"level":"info","message":"connected to port","service":"user-service","timestamp":"2023-08-14 16:10:57"}
{"level":"info","message":"Connected to database","service":"user-service","timestamp":"2023-08-14 16:11:00"}
{"level":"info","message":"connected to port","service":"user-service","timestamp":"2023-08-14 16:12:07"}
{"level":"info","message":"Connected to database","service":"user-service","timestamp":"2023-08-14 16:12:12"}
{"level":"info","message":"connected to port","service":"user-service","timestamp":"2023-08-14 16:12:27"}
{"level":"info","message":"connected to port","service":"user-service","timestamp":"2023-08-14 16:12:29"}
{"level":"info","message":"Connected to database","service":"user-service","timestamp":"2023-08-14 16:12:31"}
{"level":"info","message":"connected to port","service":"user-service","timestamp":"2023-08-14 16:12:41"}
{"level":"info","message":"connected to port","service":"user-service","timestamp":"2023-08-14 16:12:47"}
{"level":"info","message":"Connected to database","service":"user-service","timestamp":"2023-08-14 16:12:49"}
{"level":"info","message":"connected to port","service":"user-service","timestamp":"2023-08-14 16:12:51"}
{"level":"info","message":"connected to port","service":"user-service","timestamp":"2023-08-14 16:12:52"}
{"level":"info","message":"Connected to database","service":"user-service","timestamp":"2023-08-14 16:12:55"}
{"level":"info","message":"connected to port","service":"user-service","timestamp":"2023-08-14 16:13:02"}
{"level":"info","message":"connected to port","service":"user-service","timestamp":"2023-08-14 16:13:04"}
{"level":"info","message":"Connected to database","service":"user-service","timestamp":"2023-08-14 16:13:06"}
{"level":"info","message":"connected to port","service":"user-service","timestamp":"2023-08-14 16:13:15"}
{"level":"info","message":"Connected to database","service":"user-service","timestamp":"2023-08-14 16:13:19"}
{"level":"info","message":"connected to port","service":"user-service","timestamp":"2023-08-14 16:13:57"}
{"level":"info","message":"Connected to database","service":"user-service","timestamp":"2023-08-14 16:14:00"}
{"level":"info","message":"connected to port","service":"user-service","timestamp":"2023-08-14 16:14:01"}
{"level":"info","message":"Connected to database","service":"user-service","timestamp":"2023-08-14 16:14:03"}
{"level":"info","message":"connected to port","service":"user-service","timestamp":"2023-08-14 16:14:04"}
{"level":"info","message":"Connected to database","service":"user-service","timestamp":"2023-08-14 16:14:07"}
{"level":"info","message":"connected to port","service":"user-service","timestamp":"2023-08-14 16:15:23"}
{"level":"info","message":"connected to port","service":"user-service","timestamp":"2023-08-14 16:15:45"}
{"level":"info","message":"Connected to database","service":"user-service","timestamp":"2023-08-14 16:15:47"}
{"level":"info","message":"connected to port","service":"user-service","timestamp":"2023-08-14 16:16:00"}
{"level":"info","message":"connected to port","service":"user-service","timestamp":"2023-08-14 16:16:03"}
{"level":"info","message":"Connected to database","service":"user-service","timestamp":"2023-08-14 16:16:06"}
{"level":"info","message":"connected to port","service":"user-service","timestamp":"2023-08-14 16:16:12"}
{"level":"info","message":"Connected to database","service":"user-service","timestamp":"2023-08-14 16:16:15"}
{"level":"info","message":"connected to port","service":"user-service","timestamp":"2023-08-14 16:16:16"}
{"level":"info","message":"Connected to database","service":"user-service","timestamp":"2023-08-14 16:16:18"}
{"level":"info","message":"connected to port","service":"user-service","timestamp":"2023-08-14 16:16:20"}
{"level":"info","message":"connected to port","service":"user-service","timestamp":"2023-08-14 16:16:22"}
{"level":"info","message":"connected to port","service":"user-service","timestamp":"2023-08-14 16:16:24"}
{"level":"info","message":"connected to port","service":"user-service","timestamp":"2023-08-14 16:16:27"}
{"level":"info","message":"Connected to database","service":"user-service","timestamp":"2023-08-14 16:16:29"}
{"level":"info","message":"connected to port","service":"user-service","timestamp":"2023-08-14 16:16:31"}
{"level":"info","message":"Connected to database","service":"user-service","timestamp":"2023-08-14 16:16:33"}
{"level":"info","message":"connected to port","service":"user-service","timestamp":"2023-08-14 16:16:46"}
{"level":"info","message":"Connected to database","service":"user-service","timestamp":"2023-08-14 16:16:48"}
{"level":"info","message":"connected to port","service":"user-service","timestamp":"2023-08-14 16:16:50"}
{"level":"info","message":"Connected to database","service":"user-service","timestamp":"2023-08-14 16:16:52"}
{"level":"info","message":"connected to port","service":"user-service","timestamp":"2023-08-14 16:16:54"}
{"level":"info","message":"Connected to database","service":"user-service","timestamp":"2023-08-14 16:16:56"}
{"level":"info","message":"connected to port","service":"user-service","timestamp":"2023-08-14 16:16:56"}
{"level":"info","message":"Connected to database","service":"user-service","timestamp":"2023-08-14 16:16:59"}
{"level":"info","message":"connected to port","service":"user-service","timestamp":"2023-08-14 16:17:00"}
{"level":"info","message":"connected to port","service":"user-service","timestamp":"2023-08-14 16:17:02"}
{"level":"info","message":"Connected to database","service":"user-service","timestamp":"2023-08-14 16:17:05"}
{"level":"info","message":"connected to port","service":"user-service","timestamp":"2023-08-14 16:17:12"}
{"level":"info","message":"Connected to database","service":"user-service","timestamp":"2023-08-14 16:17:14"}
{"level":"info","message":"connected to port","service":"user-service","timestamp":"2023-08-14 16:17:16"}
{"level":"info","message":"Connected to database","service":"user-service","timestamp":"2023-08-14 16:17:19"}
{"level":"info","message":"connected to port","service":"user-service","timestamp":"2023-08-14 16:17:35"}
{"level":"info","message":"connected to port","service":"user-service","timestamp":"2023-08-14 16:17:39"}
{"level":"info","message":"connected to port","service":"user-service","timestamp":"2023-08-14 16:17:40"}
{"level":"info","message":"connected to port","service":"user-service","timestamp":"2023-08-14 16:17:41"}
{"level":"info","message":"Connected to database","service":"user-service","timestamp":"2023-08-14 16:17:44"}
{"level":"info","message":"connected to port","service":"user-service","timestamp":"2023-08-14 16:17:50"}
{"level":"info","message":"connected to port","service":"user-service","timestamp":"2023-08-14 16:17:52"}
{"level":"info","message":"connected to port","service":"user-service","timestamp":"2023-08-14 16:17:53"}
{"level":"info","message":"connected to port","service":"user-service","timestamp":"2023-08-14 16:17:55"}
{"level":"info","message":"Connected to database","service":"user-service","timestamp":"2023-08-14 16:17:57"}
{"level":"info","message":"connected to port","service":"user-service","timestamp":"2023-08-14 16:18:03"}
{"level":"info","message":"Connected to database","service":"user-service","timestamp":"2023-08-14 16:18:05"}
{"level":"info","message":"connected to port","service":"user-service","timestamp":"2023-08-14 16:18:19"}
{"level":"info","message":"Connected to database","service":"user-service","timestamp":"2023-08-14 16:18:21"}
{"level":"info","message":"connected to port","service":"user-service","timestamp":"2023-08-14 16:19:00"}
{"level":"info","message":"Connected to database","service":"user-service","timestamp":"2023-08-14 16:19:02"}
{"level":"info","message":"connected to port","service":"user-service","timestamp":"2023-08-14 16:20:29"}
{"level":"info","message":"connected to port","service":"user-service","timestamp":"2023-08-14 16:20:30"}
{"level":"info","message":"Connected to database","service":"user-service","timestamp":"2023-08-14 16:20:33"}
{"level":"info","message":"connected to port","service":"user-service","timestamp":"2023-08-14 16:20:34"}
{"level":"info","message":"Connected to database","service":"user-service","timestamp":"2023-08-14 16:20:36"}
{"level":"info","message":"connected to port","service":"user-service","timestamp":"2023-08-14 16:21:03"}
{"level":"info","message":"Connected to database","service":"user-service","timestamp":"2023-08-14 16:21:05"}
{"level":"info","message":"connected to port","service":"user-service","timestamp":"2023-08-14 16:21:08"}
{"level":"info","message":"Connected to database","service":"user-service","timestamp":"2023-08-14 16:21:11"}
{"level":"info","message":"connected to port","service":"user-service","timestamp":"2023-08-14 16:21:12"}
{"level":"info","message":"Connected to database","service":"user-service","timestamp":"2023-08-14 16:21:15"}
{"level":"info","message":"connected to port","service":"user-service","timestamp":"2023-08-14 16:25:53"}
{"level":"info","message":"Connected to database","service":"user-service","timestamp":"2023-08-14 16:25:57"}
{"level":"info","message":"connected to port","service":"user-service","timestamp":"2023-08-14 16:26:00"}
{"level":"info","message":"Connected to database","service":"user-service","timestamp":"2023-08-14 16:26:02"}
{"level":"info","message":"connected to port","service":"user-service","timestamp":"2023-08-14 16:26:07"}
{"level":"info","message":"Connected to database","service":"user-service","timestamp":"2023-08-14 16:26:10"}
{"level":"info","message":"connected to port","service":"user-service","timestamp":"2023-08-14 16:26:15"}
{"level":"info","message":"connected to port","service":"user-service","timestamp":"2023-08-14 16:26:17"}
{"level":"info","message":"Connected to database","service":"user-service","timestamp":"2023-08-14 16:26:19"}
{"level":"info","message":"connected to port","service":"user-service","timestamp":"2023-08-14 16:26:22"}
{"level":"info","message":"Connected to database","service":"user-service","timestamp":"2023-08-14 16:26:25"}
{"level":"info","message":"connected to port","service":"user-service","timestamp":"2023-08-14 16:27:04"}
{"level":"info","message":"Connected to database","service":"user-service","timestamp":"2023-08-14 16:27:08"}
{"level":"info","message":"connected to port","service":"user-service","timestamp":"2023-08-14 16:27:13"}
{"level":"info","message":"Connected to database","service":"user-service","timestamp":"2023-08-14 16:27:15"}
{"level":"info","message":"connected to port","service":"user-service","timestamp":"2023-08-14 16:27:16"}
{"level":"info","message":"Connected to database","service":"user-service","timestamp":"2023-08-14 16:27:18"}
{"level":"info","message":"connected to port","service":"user-service","timestamp":"2023-08-14 16:27:22"}
{"level":"info","message":"Connected to database","service":"user-service","timestamp":"2023-08-14 16:27:25"}
{"level":"info","message":"connected to port","service":"user-service","timestamp":"2023-08-14 16:49:30"}
{"level":"info","message":"Connected to database","service":"user-service","timestamp":"2023-08-14 16:49:33"}
{"level":"info","message":"connected to port","service":"user-service","timestamp":"2023-08-14 16:49:40"}
{"level":"info","message":"Connected to database","service":"user-service","timestamp":"2023-08-14 16:49:42"}
{"level":"info","message":"connected to port","service":"user-service","timestamp":"2023-08-14 16:50:48"}
{"level":"info","message":"Connected to database","service":"user-service","timestamp":"2023-08-14 16:50:52"}
{"level":"info","message":"connected to port","service":"user-service","timestamp":"2023-08-14 16:50:55"}
{"level":"info","message":"Connected to database","service":"user-service","timestamp":"2023-08-14 16:50:57"}
{"level":"info","message":"connected to port","service":"user-service","timestamp":"2023-08-14 16:51:20"}
{"level":"info","message":"connected to port","service":"user-service","timestamp":"2023-08-14 16:51:21"}
{"level":"info","message":"Connected to database","service":"user-service","timestamp":"2023-08-14 16:51:24"}
{"level":"info","message":"connected to port","service":"user-service","timestamp":"2023-08-14 16:51:30"}
{"level":"info","message":"Connected to database","service":"user-service","timestamp":"2023-08-14 16:51:32"}
{"level":"info","message":"connected to port","service":"user-service","timestamp":"2023-08-14 16:52:35"}
{"level":"info","message":"Connected to database","service":"user-service","timestamp":"2023-08-14 16:52:39"}
{"level":"info","message":"connected to port","service":"user-service","timestamp":"2023-08-14 16:52:40"}
{"level":"info","message":"Connected to database","service":"user-service","timestamp":"2023-08-14 16:52:43"}
{"level":"info","message":"connected to port","service":"user-service","timestamp":"2023-08-14 16:57:37"}
{"level":"info","message":"Connected to database","service":"user-service","timestamp":"2023-08-14 16:57:41"}
{"level":"info","message":"connected to port","service":"user-service","timestamp":"2023-08-14 16:57:43"}
{"level":"info","message":"Connected to database","service":"user-service","timestamp":"2023-08-14 16:57:46"}
{"level":"info","message":"connected to port","service":"user-service","timestamp":"2023-08-14 16:58:04"}
{"level":"info","message":"connected to port","service":"user-service","timestamp":"2023-08-14 16:58:07"}
{"level":"info","message":"connected to port","service":"user-service","timestamp":"2023-08-14 16:58:08"}
{"level":"info","message":"Connected to database","service":"user-service","timestamp":"2023-08-14 16:58:10"}
{"level":"info","message":"connected to port","service":"user-service","timestamp":"2023-08-14 16:59:14"}
{"level":"info","message":"Connected to database","service":"user-service","timestamp":"2023-08-14 16:59:17"}
{"level":"info","message":"connected to port","service":"user-service","timestamp":"2023-08-14 16:59:31"}
{"level":"info","message":"Connected to database","service":"user-service","timestamp":"2023-08-14 16:59:33"}
{"level":"info","message":"connected to port","service":"user-service","timestamp":"2023-08-14 16:59:50"}
{"level":"info","message":"connected to port","service":"user-service","timestamp":"2023-08-14 16:59:52"}
{"level":"info","message":"Connected to database","service":"user-service","timestamp":"2023-08-14 16:59:55"}
{"level":"info","message":"connected to port","service":"user-service","timestamp":"2023-08-14 17:02:48"}
{"level":"info","message":"connected to port","service":"user-service","timestamp":"2023-08-14 17:02:54"}
{"level":"info","message":"Connected to database","service":"user-service","timestamp":"2023-08-14 17:02:57"}
{"level":"info","message":"connected to port","service":"user-service","timestamp":"2023-08-14 17:03:53"}
{"level":"info","message":"Connected to database","service":"user-service","timestamp":"2023-08-14 17:03:55"}
{"level":"info","message":"connected to port","service":"user-service","timestamp":"2023-08-14 17:05:07"}
{"level":"info","message":"Connected to database","service":"user-service","timestamp":"2023-08-14 17:05:10"}
{"level":"info","message":"connected to port","service":"user-service","timestamp":"2023-08-14 17:05:12"}
{"level":"info","message":"connected to port","service":"user-service","timestamp":"2023-08-14 17:05:17"}
{"level":"info","message":"Connected to database","service":"user-service","timestamp":"2023-08-14 17:05:19"}
{"level":"info","message":"connected to port","service":"user-service","timestamp":"2023-08-14 17:05:21"}
{"level":"info","message":"connected to port","service":"user-service","timestamp":"2023-08-14 17:05:23"}
{"level":"info","message":"Connected to database","service":"user-service","timestamp":"2023-08-14 17:05:25"}
{"level":"info","message":"connected to port","service":"user-service","timestamp":"2023-08-14 17:05:57"}
{"level":"info","message":"Connected to database","service":"user-service","timestamp":"2023-08-14 17:05:59"}
{"level":"info","message":"connected to port","service":"user-service","timestamp":"2023-08-14 17:06:03"}
{"level":"info","message":"connected to port","service":"user-service","timestamp":"2023-08-14 17:06:05"}
{"level":"info","message":"Connected to database","service":"user-service","timestamp":"2023-08-14 17:06:07"}
{"level":"info","message":"connected to port","service":"user-service","timestamp":"2023-08-14 17:06:14"}
{"level":"info","message":"Connected to database","service":"user-service","timestamp":"2023-08-14 17:06:18"}
{"level":"info","message":"connected to port","service":"user-service","timestamp":"2023-08-14 17:06:23"}
{"level":"info","message":"Connected to database","service":"user-service","timestamp":"2023-08-14 17:06:25"}
{"level":"info","message":"connected to port","service":"user-service","timestamp":"2023-08-14 17:06:31"}
{"level":"info","message":"connected to port","service":"user-service","timestamp":"2023-08-14 17:06:33"}
{"level":"info","message":"Connected to database","service":"user-service","timestamp":"2023-08-14 17:06:35"}
{"level":"info","message":"connected to port","service":"user-service","timestamp":"2023-08-14 17:06:45"}
{"level":"info","message":"Connected to database","service":"user-service","timestamp":"2023-08-14 17:06:47"}
{"level":"info","message":"connected to port","service":"user-service","timestamp":"2023-08-14 17:07:08"}
{"level":"info","message":"Connected to database","service":"user-service","timestamp":"2023-08-14 17:07:10"}
{"level":"info","message":"connected to port","service":"user-service","timestamp":"2023-08-14 17:07:24"}
{"level":"info","message":"connected to port","service":"user-service","timestamp":"2023-08-14 17:07:28"}
{"level":"info","message":"Connected to database","service":"user-service","timestamp":"2023-08-14 17:07:31"}
{"level":"info","message":"connected to port","service":"user-service","timestamp":"2023-08-14 17:07:33"}
{"level":"info","message":"Connected to database","service":"user-service","timestamp":"2023-08-14 17:07:35"}
{"level":"info","message":"connected to port","service":"user-service","timestamp":"2023-08-14 17:07:36"}
{"level":"info","message":"Connected to database","service":"user-service","timestamp":"2023-08-14 17:07:39"}
{"level":"info","message":"connected to port","service":"user-service","timestamp":"2023-08-14 17:36:46"}
{"level":"info","message":"Connected to database","service":"user-service","timestamp":"2023-08-14 17:36:50"}
{"level":"info","message":"connected to port","service":"user-service","timestamp":"2023-08-14 17:37:36"}
{"level":"info","message":"Connected to database","service":"user-service","timestamp":"2023-08-14 17:37:38"}
{"level":"info","message":"connected to port","service":"user-service","timestamp":"2023-08-14 17:38:09"}
{"level":"info","message":"connected to port","service":"user-service","timestamp":"2023-08-14 17:38:10"}
{"level":"info","message":"Connected to database","service":"user-service","timestamp":"2023-08-14 17:38:12"}
{"level":"info","message":"connected to port","service":"user-service","timestamp":"2023-08-14 17:38:19"}
{"level":"info","message":"Connected to database","service":"user-service","timestamp":"2023-08-14 17:38:21"}
{"level":"info","message":"connected to port","service":"user-service","timestamp":"2023-08-14 17:39:47"}
{"level":"info","message":"Connected to database","service":"user-service","timestamp":"2023-08-14 17:39:50"}
{"level":"info","message":"connected to port","service":"user-service","timestamp":"2023-08-14 17:39:56"}
{"level":"info","message":"connected to port","service":"user-service","timestamp":"2023-08-14 17:39:57"}
{"level":"info","message":"connected to port","service":"user-service","timestamp":"2023-08-14 17:39:58"}
{"level":"info","message":"Connected to database","service":"user-service","timestamp":"2023-08-14 17:40:00"}
{"level":"info","message":"connected to port","service":"user-service","timestamp":"2023-08-14 17:40:18"}
{"level":"info","message":"connected to port","service":"user-service","timestamp":"2023-08-14 17:40:36"}
{"level":"info","message":"Connected to database","service":"user-service","timestamp":"2023-08-14 17:40:39"}
{"level":"info","message":"connected to port","service":"user-service","timestamp":"2023-08-14 17:40:41"}
{"level":"info","message":"connected to port","service":"user-service","timestamp":"2023-08-14 17:40:42"}
{"level":"info","message":"Connected to database","service":"user-service","timestamp":"2023-08-14 17:40:45"}
{"level":"info","message":"connected to port","service":"user-service","timestamp":"2023-08-14 17:40:48"}
{"level":"info","message":"connected to port","service":"user-service","timestamp":"2023-08-14 17:40:51"}
{"level":"info","message":"Connected to database","service":"user-service","timestamp":"2023-08-14 17:40:53"}
{"level":"info","message":"connected to port","service":"user-service","timestamp":"2023-08-14 17:40:55"}
{"level":"info","message":"Connected to database","service":"user-service","timestamp":"2023-08-14 17:40:57"}
{"level":"info","message":"connected to port","service":"user-service","timestamp":"2023-08-14 17:40:59"}
{"level":"info","message":"Connected to database","service":"user-service","timestamp":"2023-08-14 17:41:01"}
{"level":"info","message":"connected to port","service":"user-service","timestamp":"2023-08-14 17:41:13"}
{"level":"info","message":"Connected to database","service":"user-service","timestamp":"2023-08-14 17:41:15"}
{"level":"info","message":"connected to port","service":"user-service","timestamp":"2023-08-14 17:42:55"}
{"level":"info","message":"Connected to database","service":"user-service","timestamp":"2023-08-14 17:43:01"}
{"level":"info","message":"connected to port","service":"user-service","timestamp":"2023-08-14 17:43:23"}
{"level":"info","message":"Connected to database","service":"user-service","timestamp":"2023-08-14 17:43:25"}
{"level":"info","message":"connected to port","service":"user-service","timestamp":"2023-08-14 17:43:46"}
{"level":"info","message":"Connected to database","service":"user-service","timestamp":"2023-08-14 17:43:48"}
{"level":"info","message":"connected to port","service":"user-service","timestamp":"2023-08-14 17:44:45"}
{"level":"info","message":"Connected to database","service":"user-service","timestamp":"2023-08-14 17:44:49"}
{"level":"info","message":"connected to port","service":"user-service","timestamp":"2023-08-14 17:46:30"}
{"level":"info","message":"Connected to database","service":"user-service","timestamp":"2023-08-14 17:46:35"}
{"level":"info","message":"connected to port","service":"user-service","timestamp":"2023-08-14 17:47:33"}
{"level":"info","message":"connected to port","service":"user-service","timestamp":"2023-08-14 17:47:35"}
{"level":"info","message":"Connected to database","service":"user-service","timestamp":"2023-08-14 17:47:37"}
{"level":"info","message":"connected to port","service":"user-service","timestamp":"2023-08-14 17:48:51"}
{"level":"info","message":"Connected to database","service":"user-service","timestamp":"2023-08-14 17:48:56"}
{"level":"info","message":"connected to port","service":"user-service","timestamp":"2023-08-14 17:49:00"}
{"level":"info","message":"Connected to database","service":"user-service","timestamp":"2023-08-14 17:49:02"}
{"level":"info","message":"connected to port","service":"user-service","timestamp":"2023-08-14 17:49:14"}
{"level":"info","message":"connected to port","service":"user-service","timestamp":"2023-08-14 17:49:16"}
{"level":"info","message":"Connected to database","service":"user-service","timestamp":"2023-08-14 17:49:18"}
{"level":"info","message":"connected to port","service":"user-service","timestamp":"2023-08-14 17:49:47"}
{"level":"info","message":"Connected to database","service":"user-service","timestamp":"2023-08-14 17:49:49"}
{"level":"info","message":"connected to port","service":"user-service","timestamp":"2023-08-14 17:50:22"}
{"level":"info","message":"Connected to database","service":"user-service","timestamp":"2023-08-14 17:50:25"}
{"level":"info","message":"connected to port","service":"user-service","timestamp":"2023-08-14 17:50:33"}
{"level":"info","message":"Connected to database","service":"user-service","timestamp":"2023-08-14 17:50:35"}
{"level":"info","message":"connected to port","service":"user-service","timestamp":"2023-08-14 17:50:38"}
{"level":"info","message":"Connected to database","service":"user-service","timestamp":"2023-08-14 17:50:40"}
{"level":"info","message":"connected to port","service":"user-service","timestamp":"2023-08-14 17:50:50"}
{"level":"info","message":"Connected to database","service":"user-service","timestamp":"2023-08-14 17:50:52"}
{"level":"info","message":"connected to port","service":"user-service","timestamp":"2023-08-14 17:50:55"}
{"level":"info","message":"connected to port","service":"user-service","timestamp":"2023-08-14 17:51:02"}
{"level":"info","message":"Connected to database","service":"user-service","timestamp":"2023-08-14 17:51:04"}
{"level":"info","message":"connected to port","service":"user-service","timestamp":"2023-08-14 17:51:07"}
{"level":"info","message":"Connected to database","service":"user-service","timestamp":"2023-08-14 17:51:09"}
{"level":"info","message":"connected to port","service":"user-service","timestamp":"2023-08-14 17:51:15"}
{"level":"info","message":"Connected to database","service":"user-service","timestamp":"2023-08-14 17:51:18"}
{"level":"info","message":"connected to port","service":"user-service","timestamp":"2023-08-14 17:51:38"}
{"level":"info","message":"Connected to database","service":"user-service","timestamp":"2023-08-14 17:51:41"}
{"level":"info","message":"connected to port","service":"user-service","timestamp":"2023-08-14 17:51:50"}
{"level":"info","message":"Connected to database","service":"user-service","timestamp":"2023-08-14 17:51:52"}
{"level":"info","message":"connected to port","service":"user-service","timestamp":"2023-08-14 17:52:13"}
{"level":"info","message":"Connected to database","service":"user-service","timestamp":"2023-08-14 17:52:16"}
{"level":"info","message":"connected to port","service":"user-service","timestamp":"2023-08-14 17:52:25"}
{"level":"info","message":"Connected to database","service":"user-service","timestamp":"2023-08-14 17:52:27"}
{"level":"info","message":"connected to port","service":"user-service","timestamp":"2023-08-14 17:52:41"}
{"level":"info","message":"Connected to database","service":"user-service","timestamp":"2023-08-14 17:52:45"}
{"level":"info","message":"connected to port","service":"user-service","timestamp":"2023-08-14 17:53:01"}
{"level":"info","message":"Connected to database","service":"user-service","timestamp":"2023-08-14 17:53:03"}
{"level":"info","message":"connected to port","service":"user-service","timestamp":"2023-08-14 17:53:06"}
{"level":"info","message":"Connected to database","service":"user-service","timestamp":"2023-08-14 17:53:08"}
{"level":"info","message":"connected to port","service":"user-service","timestamp":"2023-08-14 17:53:10"}
{"level":"info","message":"Connected to database","service":"user-service","timestamp":"2023-08-14 17:53:12"}
{"level":"info","message":"connected to port","service":"user-service","timestamp":"2023-08-14 17:54:15"}
{"level":"info","message":"Connected to database","service":"user-service","timestamp":"2023-08-14 17:54:21"}
{"level":"info","message":"connected to port","service":"user-service","timestamp":"2023-08-14 17:54:28"}
{"level":"info","message":"connected to port","service":"user-service","timestamp":"2023-08-14 17:54:32"}
{"level":"info","message":"Connected to database","service":"user-service","timestamp":"2023-08-14 17:54:34"}
{"level":"info","message":"connected to port","service":"user-service","timestamp":"2023-08-14 17:54:38"}
{"level":"info","message":"Connected to database","service":"user-service","timestamp":"2023-08-14 17:54:40"}
{"level":"info","message":"connected to port","service":"user-service","timestamp":"2023-08-14 17:55:32"}
{"level":"info","message":"connected to port","service":"user-service","timestamp":"2023-08-14 17:55:34"}
{"level":"info","message":"connected to port","service":"user-service","timestamp":"2023-08-14 17:55:36"}
{"level":"info","message":"Connected to database","service":"user-service","timestamp":"2023-08-14 17:55:39"}
{"level":"info","message":"connected to port","service":"user-service","timestamp":"2023-08-14 17:55:39"}
{"level":"info","message":"connected to port","service":"user-service","timestamp":"2023-08-14 17:55:45"}
{"level":"info","message":"Connected to database","service":"user-service","timestamp":"2023-08-14 17:55:47"}
{"level":"info","message":"connected to port","service":"user-service","timestamp":"2023-08-14 17:56:17"}
{"level":"info","message":"Connected to database","service":"user-service","timestamp":"2023-08-14 17:56:19"}
{"level":"info","message":"connected to port","service":"user-service","timestamp":"2023-08-14 17:56:26"}
{"level":"info","message":"Connected to database","service":"user-service","timestamp":"2023-08-14 17:56:28"}
{"level":"info","message":"connected to port","service":"user-service","timestamp":"2023-08-14 17:56:40"}
{"level":"info","message":"Connected to database","service":"user-service","timestamp":"2023-08-14 17:56:43"}
{"level":"info","message":"connected to port","service":"user-service","timestamp":"2023-08-14 17:56:59"}
{"level":"info","message":"connected to port","service":"user-service","timestamp":"2023-08-14 17:57:00"}
{"level":"info","message":"Connected to database","service":"user-service","timestamp":"2023-08-14 17:57:03"}
{"level":"info","message":"connected to port","service":"user-service","timestamp":"2023-08-14 17:57:05"}
{"level":"info","message":"Connected to database","service":"user-service","timestamp":"2023-08-14 17:57:07"}
{"level":"info","message":"connected to port","service":"user-service","timestamp":"2023-08-14 17:57:10"}
{"level":"info","message":"connected to port","service":"user-service","timestamp":"2023-08-14 17:57:12"}
{"level":"info","message":"Connected to database","service":"user-service","timestamp":"2023-08-14 17:57:14"}
{"level":"info","message":"connected to port","service":"user-service","timestamp":"2023-08-14 17:57:15"}
{"level":"info","message":"Connected to database","service":"user-service","timestamp":"2023-08-14 17:57:17"}
{"level":"info","message":"connected to port","service":"user-service","timestamp":"2023-08-14 17:57:22"}
{"level":"info","message":"Connected to database","service":"user-service","timestamp":"2023-08-14 17:57:24"}
{"level":"info","message":"connected to port","service":"user-service","timestamp":"2023-08-14 17:57:43"}
{"level":"info","message":"Connected to database","service":"user-service","timestamp":"2023-08-14 17:57:47"}
{"level":"info","message":"connected to port","service":"user-service","timestamp":"2023-08-14 17:59:52"}
{"level":"info","message":"Connected to database","service":"user-service","timestamp":"2023-08-14 17:59:57"}
{"level":"info","message":"connected to port","service":"user-service","timestamp":"2023-08-14 18:13:18"}
{"level":"info","message":"Connected to database","service":"user-service","timestamp":"2023-08-14 18:13:25"}
{"level":"info","message":"connected to port","service":"user-service","timestamp":"2023-08-14 18:13:33"}
{"level":"info","message":"Connected to database","service":"user-service","timestamp":"2023-08-14 18:13:36"}
{"level":"info","message":"connected to port","service":"user-service","timestamp":"2023-08-14 18:13:39"}
{"level":"info","message":"Connected to database","service":"user-service","timestamp":"2023-08-14 18:13:41"}
{"level":"info","message":"connected to port","service":"user-service","timestamp":"2023-08-14 18:14:10"}
{"level":"info","message":"Connected to database","service":"user-service","timestamp":"2023-08-14 18:14:13"}
{"level":"info","message":"connected to port","service":"user-service","timestamp":"2023-08-14 18:15:05"}
{"level":"info","message":"Connected to database","service":"user-service","timestamp":"2023-08-14 18:15:08"}
{"level":"info","message":"connected to port","service":"user-service","timestamp":"2023-08-14 18:17:34"}
{"level":"info","message":"connected to port","service":"user-service","timestamp":"2023-08-14 18:17:35"}
{"level":"info","message":"Connected to database","service":"user-service","timestamp":"2023-08-14 18:17:40"}
{"level":"info","message":"connected to port","service":"user-service","timestamp":"2023-08-14 18:17:40"}
{"level":"info","message":"Connected to database","service":"user-service","timestamp":"2023-08-14 18:17:43"}
{"level":"info","message":"connected to port","service":"user-service","timestamp":"2023-08-14 18:18:23"}
{"level":"info","message":"Connected to database","service":"user-service","timestamp":"2023-08-14 18:18:25"}
{"level":"info","message":"connected to port","service":"user-service","timestamp":"2023-08-14 18:18:28"}
{"level":"info","message":"Connected to database","service":"user-service","timestamp":"2023-08-14 18:18:30"}
{"level":"info","message":"connected to port","service":"user-service","timestamp":"2023-08-14 18:18:37"}
{"level":"info","message":"connected to port","service":"user-service","timestamp":"2023-08-14 18:18:39"}
{"level":"info","message":"Connected to database","service":"user-service","timestamp":"2023-08-14 18:18:41"}
{"level":"info","message":"connected to port","service":"user-service","timestamp":"2023-08-14 18:18:43"}
{"level":"info","message":"Connected to database","service":"user-service","timestamp":"2023-08-14 18:18:45"}
{"level":"info","message":"connected to port","service":"user-service","timestamp":"2023-08-14 18:18:47"}
{"level":"info","message":"Connected to database","service":"user-service","timestamp":"2023-08-14 18:18:49"}
{"level":"info","message":"connected to port","service":"user-service","timestamp":"2023-08-14 18:18:54"}
{"level":"info","message":"Connected to database","service":"user-service","timestamp":"2023-08-14 18:18:56"}
{"level":"info","message":"connected to port","service":"user-service","timestamp":"2023-08-14 18:19:00"}
{"level":"info","message":"Connected to database","service":"user-service","timestamp":"2023-08-14 18:19:02"}
{"level":"info","message":"connected to port","service":"user-service","timestamp":"2023-08-14 18:28:29"}
{"level":"info","message":"Connected to database","service":"user-service","timestamp":"2023-08-14 18:28:33"}
{"level":"info","message":"connected to port","service":"user-service","timestamp":"2023-08-14 18:28:55"}
{"level":"info","message":"Connected to database","service":"user-service","timestamp":"2023-08-14 18:28:57"}
{"level":"info","message":"connected to port","service":"user-service","timestamp":"2023-08-14 18:28:58"}
{"level":"info","message":"Connected to database","service":"user-service","timestamp":"2023-08-14 18:29:01"}
{"level":"info","message":"connected to port","service":"user-service","timestamp":"2023-08-14 18:29:59"}
{"level":"info","message":"Connected to database","service":"user-service","timestamp":"2023-08-14 18:30:02"}
{"level":"info","message":"connected to port","service":"user-service","timestamp":"2023-08-14 18:30:04"}
{"level":"info","message":"Connected to database","service":"user-service","timestamp":"2023-08-14 18:30:06"}
{"level":"info","message":"connected to port","service":"user-service","timestamp":"2023-08-14 18:30:15"}
{"level":"info","message":"Connected to database","service":"user-service","timestamp":"2023-08-14 18:30:17"}
{"level":"info","message":"connected to port","service":"user-service","timestamp":"2023-08-14 18:30:43"}
{"level":"info","message":"Connected to database","service":"user-service","timestamp":"2023-08-14 18:30:46"}
